09:26:11:071 SpringBootJpa {main} INFO  top.jf.core.CreatorApplication - Starting CreatorApplication on BF-20161222LEEW with PID 8136 (F:\workspace\creator\creator-core\target\classes started by Administrator in F:\workspace\creator)
09:26:11:071 SpringBootJpa {main} INFO  top.jf.core.CreatorApplication - The following profiles are active: dev
09:26:11:133 SpringBootJpa {main} INFO  o.s.b.c.e.AnnotationConfigEmbeddedWebApplicationContext - Refreshing org.springframework.boot.context.embedded.AnnotationConfigEmbeddedWebApplicationContext@5c6648b0: startup date [Tue Jul 11 09:26:11 CST 2017]; root of context hierarchy
09:26:11:542 SpringBootJpa {background-preinit} INFO  o.h.validator.internal.util.Version - HV000001: Hibernate Validator 5.3.5.Final
09:26:11:975 SpringBootJpa {main} INFO  o.s.d.r.c.RepositoryConfigurationDelegate - Multiple Spring Data modules found, entering strict repository configuration mode!
09:26:12:809 SpringBootJpa {main} INFO  o.s.b.c.e.t.TomcatEmbeddedServletContainer - Tomcat initialized with port(s): 8888 (http)
09:26:12:825 SpringBootJpa {main} INFO  o.a.catalina.core.StandardService - Starting service [Tomcat]
09:26:12:825 SpringBootJpa {main} INFO  o.a.catalina.core.StandardEngine - Starting Servlet Engine: Apache Tomcat/8.5.15
09:26:12:925 SpringBootJpa {localhost-startStop-1} INFO  o.a.c.c.C.[Tomcat].[localhost].[/] - Initializing Spring embedded WebApplicationContext
09:26:12:925 SpringBootJpa {localhost-startStop-1} INFO  o.s.web.context.ContextLoader - Root WebApplicationContext: initialization completed in 1792 ms
09:26:13:034 SpringBootJpa {localhost-startStop-1} INFO  o.s.b.w.s.ServletRegistrationBean - Mapping servlet: 'dispatcherServlet' to [/]
09:26:13:034 SpringBootJpa {localhost-startStop-1} INFO  o.s.b.w.s.FilterRegistrationBean - Mapping filter: 'characterEncodingFilter' to: [/*]
09:26:13:034 SpringBootJpa {localhost-startStop-1} INFO  o.s.b.w.s.FilterRegistrationBean - Mapping filter: 'hiddenHttpMethodFilter' to: [/*]
09:26:13:034 SpringBootJpa {localhost-startStop-1} INFO  o.s.b.w.s.FilterRegistrationBean - Mapping filter: 'httpPutFormContentFilter' to: [/*]
09:26:13:034 SpringBootJpa {localhost-startStop-1} INFO  o.s.b.w.s.FilterRegistrationBean - Mapping filter: 'requestContextFilter' to: [/*]
09:26:13:081 SpringBootJpa {main} INFO  top.jf.DataBaseConfig - dataSource配置......
09:26:13:752 SpringBootJpa {main} INFO  o.s.w.s.m.m.a.RequestMappingHandlerAdapter - Looking for @ControllerAdvice: org.springframework.boot.context.embedded.AnnotationConfigEmbeddedWebApplicationContext@5c6648b0: startup date [Tue Jul 11 09:26:11 CST 2017]; root of context hierarchy
09:26:13:927 SpringBootJpa {main} INFO  o.s.w.s.m.m.a.RequestMappingHandlerMapping - Mapped "{[/error]}" onto public org.springframework.http.ResponseEntity<java.util.Map<java.lang.String, java.lang.Object>> org.springframework.boot.autoconfigure.web.BasicErrorController.error(javax.servlet.http.HttpServletRequest)
09:26:13:928 SpringBootJpa {main} INFO  o.s.w.s.m.m.a.RequestMappingHandlerMapping - Mapped "{[/error],produces=[text/html]}" onto public org.springframework.web.servlet.ModelAndView org.springframework.boot.autoconfigure.web.BasicErrorController.errorHtml(javax.servlet.http.HttpServletRequest,javax.servlet.http.HttpServletResponse)
09:26:13:951 SpringBootJpa {main} INFO  o.s.w.s.h.SimpleUrlHandlerMapping - Mapped URL path [/webjars/**] onto handler of type [class org.springframework.web.servlet.resource.ResourceHttpRequestHandler]
09:26:13:952 SpringBootJpa {main} INFO  o.s.w.s.h.SimpleUrlHandlerMapping - Mapped URL path [/**] onto handler of type [class org.springframework.web.servlet.resource.ResourceHttpRequestHandler]
09:26:13:995 SpringBootJpa {main} INFO  o.s.w.s.h.SimpleUrlHandlerMapping - Mapped URL path [/**/favicon.ico] onto handler of type [class org.springframework.web.servlet.resource.ResourceHttpRequestHandler]
09:26:14:310 SpringBootJpa {main} INFO  o.s.j.e.a.AnnotationMBeanExporter - Registering beans for JMX exposure on startup
09:26:14:311 SpringBootJpa {main} INFO  o.s.j.e.a.AnnotationMBeanExporter - Bean with name 'dataSource' has been autodetected for JMX exposure
09:26:14:316 SpringBootJpa {main} INFO  o.s.j.e.a.AnnotationMBeanExporter - Located MBean 'dataSource': registering with JMX server as MBean [com.alibaba.druid.pool:name=dataSource,type=DruidDataSource]
09:26:14:329 SpringBootJpa {main} INFO  o.a.coyote.http11.Http11NioProtocol - Initializing ProtocolHandler ["http-nio-8888"]
09:26:14:339 SpringBootJpa {main} INFO  o.a.coyote.http11.Http11NioProtocol - Starting ProtocolHandler ["http-nio-8888"]
09:26:14:348 SpringBootJpa {main} INFO  o.a.tomcat.util.net.NioSelectorPool - Using a shared selector for servlet write/read
09:26:14:362 SpringBootJpa {main} INFO  o.s.b.c.e.t.TomcatEmbeddedServletContainer - Tomcat started on port(s): 8888 (http)
09:26:14:365 SpringBootJpa {main} INFO  top.jf.core.CreatorApplication - Started CreatorApplication in 3.746 seconds (JVM running for 4.052)
